<?xml version="1.0" encoding="UTF-8"?>
<!-- Generated by org.testng.reporters.JUnitXMLReporter -->
<testsuite ignored="1" hostname="LAPTOP-5KMFOFH9" failures="0" tests="1" name="Default test" time="5.149" errors="0" timestamp="2024-11-25T22:18:52 IST">
  <testcase classname="com.ReastAPITest.WaysTORequestPayload" name="createTokenUsingPOJO" time="5.089"/>
  <testcase classname="com.ReastAPITest.WaysTORequestPayload" name="createTokenWithHashMap" time="0.0">
    <ignored/>
  </testcase> <!-- createTokenWithHashMap -->
</testsuite> <!-- Default test -->
