<?xml version="1.0" encoding="UTF-8"?>
<!-- Generated by org.testng.reporters.JUnitXMLReporter -->
<testsuite ignored="3" hostname="LAPTOP-5KMFOFH9" failures="0" tests="1" name="Default test" time="5.346" errors="0" timestamp="2024-11-27T20:56:24 IST">
  <testcase classname="com.APIScenarios.AuthenticationTest" name="Oauth2Test" time="5.283"/>
  <testcase classname="com.APIScenarios.AuthenticationTest" name="testDigestAuthentication" time="0.0">
    <ignored/>
  </testcase> <!-- testDigestAuthentication -->
  <testcase classname="com.APIScenarios.AuthenticationTest" name="testBasicAuthentication" time="0.0">
    <ignored/>
  </testcase> <!-- testBasicAuthentication -->
  <testcase classname="com.APIScenarios.AuthenticationTest" name="testBearerToken" time="0.0">
    <ignored/>
  </testcase> <!-- testBearerToken -->
</testsuite> <!-- Default test -->
